08-30 15:48:17 com_github_MitjaNemec_Archive3DModels.action_archive_3d_models 210:Plugin executed on: 'win32'
08-30 15:48:17 com_github_MitjaNemec_Archive3DModels.action_archive_3d_models 211:Plugin executed with python version: '3.9.6 (default, Sep 27 2021, 21:15:11) [MSC v.1929 64 bit (AMD64)]'
08-30 15:48:17 com_github_MitjaNemec_Archive3DModels.action_archive_3d_models 212:KiCad build version: (6.0.1)
08-30 15:48:17 com_github_MitjaNemec_Archive3DModels.action_archive_3d_models 213:Plugin version: 1.0.3

08-30 15:48:23 com_github_MitjaNemec_Archive3DModels.archive_3d_models 13:Starting to archive 3D models
08-30 15:48:23 com_github_MitjaNemec_Archive3DModels.archive_3d_models 34:Getting 3D models for footprint of: FB1
08-30 15:48:23 com_github_MitjaNemec_Archive3DModels.archive_3d_models 45:Trying to copy: ${KICAD6_3DMODEL_DIR}/Inductor_SMD.3dshapes/L_1206_3216Metric.wrl
08-30 15:48:23 com_github_MitjaNemec_Archive3DModels.archive_3d_models 105:Remapping: ${KICAD6_3DMODEL_DIR}/Inductor_SMD.3dshapes/L_1206_3216Metric.wrl
08-30 15:48:23 com_github_MitjaNemec_Archive3DModels.archive_3d_models 34:Getting 3D models for footprint of: R5
08-30 15:48:23 com_github_MitjaNemec_Archive3DModels.archive_3d_models 45:Trying to copy: ${KICAD6_3DMODEL_DIR}/Resistor_SMD.3dshapes/R_0805_2012Metric.wrl
08-30 15:48:23 com_github_MitjaNemec_Archive3DModels.archive_3d_models 105:Remapping: ${KICAD6_3DMODEL_DIR}/Resistor_SMD.3dshapes/R_0805_2012Metric.wrl
08-30 15:48:23 com_github_MitjaNemec_Archive3DModels.archive_3d_models 34:Getting 3D models for footprint of: U4
08-30 15:48:23 com_github_MitjaNemec_Archive3DModels.archive_3d_models 45:Trying to copy: ${KICAD6_3DMODEL_DIR}/Package_TO_SOT_SMD.3dshapes/SOT-23-5.wrl
08-30 15:48:23 com_github_MitjaNemec_Archive3DModels.archive_3d_models 105:Remapping: ${KICAD6_3DMODEL_DIR}/Package_TO_SOT_SMD.3dshapes/SOT-23-5.wrl
08-30 15:48:23 com_github_MitjaNemec_Archive3DModels.archive_3d_models 34:Getting 3D models for footprint of: VR1
08-30 15:48:23 com_github_MitjaNemec_Archive3DModels.archive_3d_models 45:Trying to copy: ${KICAD6_3DMODEL_DIR}/Varistor.3dshapes/RV_Disc_D16.5mm_W6.7mm_P7.5mm.wrl
08-30 15:48:23 com_github_MitjaNemec_Archive3DModels.archive_3d_models 105:Remapping: ${KICAD6_3DMODEL_DIR}/Varistor.3dshapes/RV_Disc_D16.5mm_W6.7mm_P7.5mm.wrl
08-30 15:48:23 com_github_MitjaNemec_Archive3DModels.archive_3d_models 34:Getting 3D models for footprint of: D1
08-30 15:48:23 com_github_MitjaNemec_Archive3DModels.archive_3d_models 45:Trying to copy: ${KICAD6_3DMODEL_DIR}/Diode_SMD.3dshapes/D_SMB.wrl
08-30 15:48:23 com_github_MitjaNemec_Archive3DModels.archive_3d_models 105:Remapping: ${KICAD6_3DMODEL_DIR}/Diode_SMD.3dshapes/D_SMB.wrl
08-30 15:48:23 com_github_MitjaNemec_Archive3DModels.archive_3d_models 34:Getting 3D models for footprint of: RShunt1
08-30 15:48:23 com_github_MitjaNemec_Archive3DModels.archive_3d_models 45:Trying to copy: ${KICAD6_3DMODEL_DIR}/Resistor_SMD.3dshapes/R_0805_2012Metric.wrl
08-30 15:48:23 com_github_MitjaNemec_Archive3DModels.archive_3d_models 105:Remapping: ${KICAD6_3DMODEL_DIR}/Resistor_SMD.3dshapes/R_0805_2012Metric.wrl
08-30 15:48:23 com_github_MitjaNemec_Archive3DModels.archive_3d_models 34:Getting 3D models for footprint of: R2
08-30 15:48:23 com_github_MitjaNemec_Archive3DModels.archive_3d_models 45:Trying to copy: ${KICAD6_3DMODEL_DIR}/Resistor_SMD.3dshapes/R_1206_3216Metric.wrl
08-30 15:48:23 com_github_MitjaNemec_Archive3DModels.archive_3d_models 105:Remapping: ${KICAD6_3DMODEL_DIR}/Resistor_SMD.3dshapes/R_1206_3216Metric.wrl
08-30 15:48:23 com_github_MitjaNemec_Archive3DModels.archive_3d_models 34:Getting 3D models for footprint of: D4
08-30 15:48:23 com_github_MitjaNemec_Archive3DModels.archive_3d_models 45:Trying to copy: ${KICAD6_3DMODEL_DIR}/Package_TO_SOT_SMD.3dshapes/SOT-23.wrl
08-30 15:48:23 com_github_MitjaNemec_Archive3DModels.archive_3d_models 105:Remapping: ${KICAD6_3DMODEL_DIR}/Package_TO_SOT_SMD.3dshapes/SOT-23.wrl
08-30 15:48:23 com_github_MitjaNemec_Archive3DModels.archive_3d_models 34:Getting 3D models for footprint of: SW2
08-30 15:48:23 com_github_MitjaNemec_Archive3DModels.archive_3d_models 45:Trying to copy: ${KICAD6_3DMODEL_DIR}/Connector_PinSocket_2.54mm.3dshapes/PinSocket_1x02_P2.54mm_Vertical.wrl
08-30 15:48:23 com_github_MitjaNemec_Archive3DModels.archive_3d_models 105:Remapping: ${KICAD6_3DMODEL_DIR}/Connector_PinSocket_2.54mm.3dshapes/PinSocket_1x02_P2.54mm_Vertical.wrl
08-30 15:48:23 com_github_MitjaNemec_Archive3DModels.archive_3d_models 34:Getting 3D models for footprint of: U5
08-30 15:48:23 com_github_MitjaNemec_Archive3DModels.archive_3d_models 45:Trying to copy: ${KICAD6_3DMODEL_DIR}/Package_SO.3dshapes/SOIC-8_3.9x4.9mm_P1.27mm.wrl
08-30 15:48:23 com_github_MitjaNemec_Archive3DModels.archive_3d_models 105:Remapping: ${KICAD6_3DMODEL_DIR}/Package_SO.3dshapes/SOIC-8_3.9x4.9mm_P1.27mm.wrl
08-30 15:48:23 com_github_MitjaNemec_Archive3DModels.archive_3d_models 34:Getting 3D models for footprint of: U8
08-30 15:48:23 com_github_MitjaNemec_Archive3DModels.archive_3d_models 45:Trying to copy: ${KICAD6_3DMODEL_DIR}/Package_TO_SOT_SMD.3dshapes/SOT-23.wrl
08-30 15:48:23 com_github_MitjaNemec_Archive3DModels.archive_3d_models 105:Remapping: ${KICAD6_3DMODEL_DIR}/Package_TO_SOT_SMD.3dshapes/SOT-23.wrl
08-30 15:48:23 com_github_MitjaNemec_Archive3DModels.archive_3d_models 34:Getting 3D models for footprint of: F3
08-30 15:48:23 com_github_MitjaNemec_Archive3DModels.archive_3d_models 45:Trying to copy: ${KICAD6_3DMODEL_DIR}/Fuse.3dshapes/Fuse_1206_3216Metric.wrl
08-30 15:48:23 com_github_MitjaNemec_Archive3DModels.archive_3d_models 105:Remapping: ${KICAD6_3DMODEL_DIR}/Fuse.3dshapes/Fuse_1206_3216Metric.wrl
08-30 15:48:23 com_github_MitjaNemec_Archive3DModels.archive_3d_models 34:Getting 3D models for footprint of: TP3
08-30 15:48:23 com_github_MitjaNemec_Archive3DModels.archive_3d_models 34:Getting 3D models for footprint of: C18
08-30 15:48:23 com_github_MitjaNemec_Archive3DModels.archive_3d_models 45:Trying to copy: ${KICAD6_3DMODEL_DIR}/Capacitor_SMD.3dshapes/C_0805_2012Metric.wrl
08-30 15:48:24 com_github_MitjaNemec_Archive3DModels.archive_3d_models 105:Remapping: ${KICAD6_3DMODEL_DIR}/Capacitor_SMD.3dshapes/C_0805_2012Metric.wrl
08-30 15:48:24 com_github_MitjaNemec_Archive3DModels.archive_3d_models 34:Getting 3D models for footprint of: TP4
08-30 15:48:24 com_github_MitjaNemec_Archive3DModels.archive_3d_models 34:Getting 3D models for footprint of: U6
08-30 15:48:24 com_github_MitjaNemec_Archive3DModels.archive_3d_models 45:Trying to copy: ${KICAD6_3DMODEL_DIR}/Package_TO_SOT_SMD.3dshapes/SOT-23-5.wrl
08-30 15:48:24 com_github_MitjaNemec_Archive3DModels.archive_3d_models 105:Remapping: ${KICAD6_3DMODEL_DIR}/Package_TO_SOT_SMD.3dshapes/SOT-23-5.wrl
08-30 15:48:24 com_github_MitjaNemec_Archive3DModels.archive_3d_models 34:Getting 3D models for footprint of: JP1
08-30 15:48:24 com_github_MitjaNemec_Archive3DModels.archive_3d_models 45:Trying to copy: ${KICAD6_3DMODEL_DIR}/Connector_PinHeader_1.27mm.3dshapes/PinHeader_1x03_P1.27mm_Vertical.wrl
08-30 15:48:24 com_github_MitjaNemec_Archive3DModels.archive_3d_models 105:Remapping: ${KICAD6_3DMODEL_DIR}/Connector_PinHeader_1.27mm.3dshapes/PinHeader_1x03_P1.27mm_Vertical.wrl
08-30 15:48:24 com_github_MitjaNemec_Archive3DModels.archive_3d_models 34:Getting 3D models for footprint of: TP5
08-30 15:48:24 com_github_MitjaNemec_Archive3DModels.archive_3d_models 34:Getting 3D models for footprint of: J5
08-30 15:48:24 com_github_MitjaNemec_Archive3DModels.archive_3d_models 45:Trying to copy: ${KICAD6_3DMODEL_DIR}/Connector_PinHeader_2.54mm.3dshapes/PinHeader_2x03_P2.54mm_Vertical.wrl
08-30 15:48:24 com_github_MitjaNemec_Archive3DModels.archive_3d_models 105:Remapping: ${KICAD6_3DMODEL_DIR}/Connector_PinHeader_2.54mm.3dshapes/PinHeader_2x03_P2.54mm_Vertical.wrl
08-30 15:48:24 com_github_MitjaNemec_Archive3DModels.archive_3d_models 34:Getting 3D models for footprint of: J3
08-30 15:48:24 com_github_MitjaNemec_Archive3DModels.archive_3d_models 45:Trying to copy: ${KICAD6_3DMODEL_DIR}/TerminalBlock_Phoenix.3dshapes/TerminalBlock_Phoenix_MKDS-1,5-2-5.08_1x02_P5.08mm_Horizontal.wrl
08-30 15:48:24 com_github_MitjaNemec_Archive3DModels.archive_3d_models 105:Remapping: ${KICAD6_3DMODEL_DIR}/TerminalBlock_Phoenix.3dshapes/TerminalBlock_Phoenix_MKDS-1,5-2-5.08_1x02_P5.08mm_Horizontal.wrl
08-30 15:48:24 com_github_MitjaNemec_Archive3DModels.archive_3d_models 34:Getting 3D models for footprint of: TP1
08-30 15:48:24 com_github_MitjaNemec_Archive3DModels.archive_3d_models 34:Getting 3D models for footprint of: C2
08-30 15:48:24 com_github_MitjaNemec_Archive3DModels.archive_3d_models 45:Trying to copy: ${KICAD6_3DMODEL_DIR}/Capacitor_SMD.3dshapes/C_0805_2012Metric.wrl
08-30 15:48:24 com_github_MitjaNemec_Archive3DModels.archive_3d_models 105:Remapping: ${KICAD6_3DMODEL_DIR}/Capacitor_SMD.3dshapes/C_0805_2012Metric.wrl
08-30 15:48:24 com_github_MitjaNemec_Archive3DModels.archive_3d_models 34:Getting 3D models for footprint of: J2
08-30 15:48:24 com_github_MitjaNemec_Archive3DModels.archive_3d_models 45:Trying to copy: C:/Users/JZACTPC/Documents/digitalclock/3dmodels/61201021621--3DModel-STEP-56544.stp
08-30 15:48:24 com_github_MitjaNemec_Archive3DModels.archive_3d_models 69:Ambiguous path for the model: C:/Users/JZACTPC/Documents/digitalclock/3dmodels/61201021621--3DModel-STEP-56544.stp
08-30 15:48:24 com_github_MitjaNemec_Archive3DModels.archive_3d_models 79:Can not find model defined with: C:/Users/JZACTPC/Documents/digitalclock/3dmodels/61201021621--3DModel-STEP-56544.stp
08-30 15:48:24 com_github_MitjaNemec_Archive3DModels.archive_3d_models 101:Did not copy: C:/Users/JZACTPC/Documents/digitalclock/3dmodels/61201021621--3DModel-STEP-56544.stp
08-30 15:48:24 com_github_MitjaNemec_Archive3DModels.archive_3d_models 105:Remapping: C:/Users/JZACTPC/Documents/digitalclock/3dmodels/61201021621--3DModel-STEP-56544.stp
08-30 15:48:24 com_github_MitjaNemec_Archive3DModels.archive_3d_models 34:Getting 3D models for footprint of: R1
08-30 15:48:24 com_github_MitjaNemec_Archive3DModels.archive_3d_models 45:Trying to copy: ${KICAD6_3DMODEL_DIR}/Resistor_SMD.3dshapes/R_1206_3216Metric.wrl
08-30 15:48:24 com_github_MitjaNemec_Archive3DModels.archive_3d_models 105:Remapping: ${KICAD6_3DMODEL_DIR}/Resistor_SMD.3dshapes/R_1206_3216Metric.wrl
08-30 15:48:24 com_github_MitjaNemec_Archive3DModels.archive_3d_models 34:Getting 3D models for footprint of: FL1
08-30 15:48:24 com_github_MitjaNemec_Archive3DModels.archive_3d_models 45:Trying to copy: ${KICAD6_3DMODEL_DIR}/Inductor_THT.3dshapes/Choke_Schaffner_RN218-04-12.5x18.0mm.wrl
08-30 15:48:24 com_github_MitjaNemec_Archive3DModels.archive_3d_models 101:Did not copy: ${KICAD6_3DMODEL_DIR}/Inductor_THT.3dshapes/Choke_Schaffner_RN218-04-12.5x18.0mm.wrl
08-30 15:48:24 com_github_MitjaNemec_Archive3DModels.archive_3d_models 105:Remapping: ${KICAD6_3DMODEL_DIR}/Inductor_THT.3dshapes/Choke_Schaffner_RN218-04-12.5x18.0mm.wrl
08-30 15:48:24 com_github_MitjaNemec_Archive3DModels.archive_3d_models 34:Getting 3D models for footprint of: C7
08-30 15:48:24 com_github_MitjaNemec_Archive3DModels.archive_3d_models 45:Trying to copy: ${KICAD6_3DMODEL_DIR}/Capacitor_SMD.3dshapes/C_1206_3216Metric.wrl
08-30 15:48:24 com_github_MitjaNemec_Archive3DModels.archive_3d_models 105:Remapping: ${KICAD6_3DMODEL_DIR}/Capacitor_SMD.3dshapes/C_1206_3216Metric.wrl
08-30 15:48:24 com_github_MitjaNemec_Archive3DModels.archive_3d_models 34:Getting 3D models for footprint of: RN1
08-30 15:48:24 com_github_MitjaNemec_Archive3DModels.archive_3d_models 45:Trying to copy: ${KICAD6_3DMODEL_DIR}/Resistor_SMD.3dshapes/R_Array_Convex_4x0603.wrl
08-30 15:48:24 com_github_MitjaNemec_Archive3DModels.archive_3d_models 105:Remapping: ${KICAD6_3DMODEL_DIR}/Resistor_SMD.3dshapes/R_Array_Convex_4x0603.wrl
08-30 15:48:24 com_github_MitjaNemec_Archive3DModels.archive_3d_models 34:Getting 3D models for footprint of: D6
08-30 15:48:24 com_github_MitjaNemec_Archive3DModels.archive_3d_models 45:Trying to copy: ${KICAD6_3DMODEL_DIR}/Diode_SMD.3dshapes/D_SMB.wrl
08-30 15:48:24 com_github_MitjaNemec_Archive3DModels.archive_3d_models 105:Remapping: ${KICAD6_3DMODEL_DIR}/Diode_SMD.3dshapes/D_SMB.wrl
08-30 15:48:24 com_github_MitjaNemec_Archive3DModels.archive_3d_models 34:Getting 3D models for footprint of: R4
08-30 15:48:24 com_github_MitjaNemec_Archive3DModels.archive_3d_models 45:Trying to copy: ${KICAD6_3DMODEL_DIR}/Resistor_SMD.3dshapes/R_0805_2012Metric.wrl
08-30 15:48:24 com_github_MitjaNemec_Archive3DModels.archive_3d_models 105:Remapping: ${KICAD6_3DMODEL_DIR}/Resistor_SMD.3dshapes/R_0805_2012Metric.wrl
08-30 15:48:24 com_github_MitjaNemec_Archive3DModels.archive_3d_models 34:Getting 3D models for footprint of: C9
08-30 15:48:24 com_github_MitjaNemec_Archive3DModels.archive_3d_models 45:Trying to copy: ${KICAD6_3DMODEL_DIR}/Capacitor_SMD.3dshapes/C_1206_3216Metric.wrl
08-30 15:48:24 com_github_MitjaNemec_Archive3DModels.archive_3d_models 105:Remapping: ${KICAD6_3DMODEL_DIR}/Capacitor_SMD.3dshapes/C_1206_3216Metric.wrl
08-30 15:48:24 com_github_MitjaNemec_Archive3DModels.archive_3d_models 34:Getting 3D models for footprint of: R8
08-30 15:48:24 com_github_MitjaNemec_Archive3DModels.archive_3d_models 45:Trying to copy: ${KICAD6_3DMODEL_DIR}/Resistor_THT.3dshapes/R_Radial_Power_L13.0mm_W9.0mm_P5.00mm.wrl
08-30 15:48:24 com_github_MitjaNemec_Archive3DModels.archive_3d_models 105:Remapping: ${KICAD6_3DMODEL_DIR}/Resistor_THT.3dshapes/R_Radial_Power_L13.0mm_W9.0mm_P5.00mm.wrl
08-30 15:48:24 com_github_MitjaNemec_Archive3DModels.archive_3d_models 34:Getting 3D models for footprint of: TP2
08-30 15:48:24 com_github_MitjaNemec_Archive3DModels.archive_3d_models 34:Getting 3D models for footprint of: U1
08-30 15:48:24 com_github_MitjaNemec_Archive3DModels.archive_3d_models 45:Trying to copy: ${KICAD6_3DMODEL_DIR}/Package_SO.3dshapes/SOIC-8_3.9x4.9mm_P1.27mm.wrl
08-30 15:48:24 com_github_MitjaNemec_Archive3DModels.archive_3d_models 105:Remapping: ${KICAD6_3DMODEL_DIR}/Package_SO.3dshapes/SOIC-8_3.9x4.9mm_P1.27mm.wrl
08-30 15:48:24 com_github_MitjaNemec_Archive3DModels.archive_3d_models 34:Getting 3D models for footprint of: D2
08-30 15:48:24 com_github_MitjaNemec_Archive3DModels.archive_3d_models 45:Trying to copy: ${KICAD6_3DMODEL_DIR}/Diode_SMD.3dshapes/D_SMB.wrl
08-30 15:48:24 com_github_MitjaNemec_Archive3DModels.archive_3d_models 105:Remapping: ${KICAD6_3DMODEL_DIR}/Diode_SMD.3dshapes/D_SMB.wrl
08-30 15:48:24 com_github_MitjaNemec_Archive3DModels.archive_3d_models 34:Getting 3D models for footprint of: R7
08-30 15:48:24 com_github_MitjaNemec_Archive3DModels.archive_3d_models 45:Trying to copy: ${KICAD6_3DMODEL_DIR}/Resistor_SMD.3dshapes/R_0805_2012Metric.wrl
08-30 15:48:24 com_github_MitjaNemec_Archive3DModels.archive_3d_models 105:Remapping: ${KICAD6_3DMODEL_DIR}/Resistor_SMD.3dshapes/R_0805_2012Metric.wrl
08-30 15:48:24 com_github_MitjaNemec_Archive3DModels.archive_3d_models 34:Getting 3D models for footprint of: U7
08-30 15:48:24 com_github_MitjaNemec_Archive3DModels.archive_3d_models 45:Trying to copy: ${KICAD6_3DMODEL_DIR}/Package_SO.3dshapes/TSOP-5_1.65x3.05mm_P0.95mm.wrl
08-30 15:48:24 com_github_MitjaNemec_Archive3DModels.archive_3d_models 105:Remapping: ${KICAD6_3DMODEL_DIR}/Package_SO.3dshapes/TSOP-5_1.65x3.05mm_P0.95mm.wrl
08-30 15:48:24 com_github_MitjaNemec_Archive3DModels.archive_3d_models 34:Getting 3D models for footprint of: C8
08-30 15:48:24 com_github_MitjaNemec_Archive3DModels.archive_3d_models 45:Trying to copy: ${KICAD6_3DMODEL_DIR}/Capacitor_SMD.3dshapes/C_1206_3216Metric.wrl
08-30 15:48:24 com_github_MitjaNemec_Archive3DModels.archive_3d_models 105:Remapping: ${KICAD6_3DMODEL_DIR}/Capacitor_SMD.3dshapes/C_1206_3216Metric.wrl
08-30 15:48:24 com_github_MitjaNemec_Archive3DModels.archive_3d_models 34:Getting 3D models for footprint of: C22
08-30 15:48:24 com_github_MitjaNemec_Archive3DModels.archive_3d_models 45:Trying to copy: ${KICAD6_3DMODEL_DIR}/Capacitor_THT.3dshapes/C_Radial_D6.3mm_H11.0mm_P2.50mm.wrl
08-30 15:48:24 com_github_MitjaNemec_Archive3DModels.archive_3d_models 105:Remapping: ${KICAD6_3DMODEL_DIR}/Capacitor_THT.3dshapes/C_Radial_D6.3mm_H11.0mm_P2.50mm.wrl
08-30 15:48:24 com_github_MitjaNemec_Archive3DModels.archive_3d_models 34:Getting 3D models for footprint of: SW1
08-30 15:48:24 com_github_MitjaNemec_Archive3DModels.archive_3d_models 45:Trying to copy: ${KICAD6_3DMODEL_DIR}/Button_Switch_SMD.3dshapes/SW_SPST_CK_RS282G05A3.wrl
08-30 15:48:24 com_github_MitjaNemec_Archive3DModels.archive_3d_models 105:Remapping: ${KICAD6_3DMODEL_DIR}/Button_Switch_SMD.3dshapes/SW_SPST_CK_RS282G05A3.wrl
08-30 15:48:24 com_github_MitjaNemec_Archive3DModels.archive_3d_models 34:Getting 3D models for footprint of: D5
08-30 15:48:24 com_github_MitjaNemec_Archive3DModels.archive_3d_models 45:Trying to copy: ${KICAD6_3DMODEL_DIR}/Package_TO_SOT_SMD.3dshapes/SOT-23.wrl
08-30 15:48:24 com_github_MitjaNemec_Archive3DModels.archive_3d_models 105:Remapping: ${KICAD6_3DMODEL_DIR}/Package_TO_SOT_SMD.3dshapes/SOT-23.wrl
08-30 15:48:24 com_github_MitjaNemec_Archive3DModels.archive_3d_models 34:Getting 3D models for footprint of: C16
08-30 15:48:24 com_github_MitjaNemec_Archive3DModels.archive_3d_models 45:Trying to copy: ${KICAD6_3DMODEL_DIR}/Capacitor_THT.3dshapes/C_Rect_L18.0mm_W8.0mm_P15.00mm_FKS3_FKP3.wrl
08-30 15:48:24 com_github_MitjaNemec_Archive3DModels.archive_3d_models 105:Remapping: ${KICAD6_3DMODEL_DIR}/Capacitor_THT.3dshapes/C_Rect_L18.0mm_W8.0mm_P15.00mm_FKS3_FKP3.wrl
08-30 15:48:24 com_github_MitjaNemec_Archive3DModels.archive_3d_models 34:Getting 3D models for footprint of: D3
08-30 15:48:24 com_github_MitjaNemec_Archive3DModels.archive_3d_models 45:Trying to copy: ${KICAD6_3DMODEL_DIR}/Package_TO_SOT_SMD.3dshapes/SOT-23.wrl
08-30 15:48:24 com_github_MitjaNemec_Archive3DModels.archive_3d_models 105:Remapping: ${KICAD6_3DMODEL_DIR}/Package_TO_SOT_SMD.3dshapes/SOT-23.wrl
08-30 15:48:24 com_github_MitjaNemec_Archive3DModels.archive_3d_models 34:Getting 3D models for footprint of: D9
08-30 15:48:24 com_github_MitjaNemec_Archive3DModels.archive_3d_models 45:Trying to copy: ${KICAD6_3DMODEL_DIR}/Diode_SMD.3dshapes/D_SMB.wrl
08-30 15:48:24 com_github_MitjaNemec_Archive3DModels.archive_3d_models 105:Remapping: ${KICAD6_3DMODEL_DIR}/Diode_SMD.3dshapes/D_SMB.wrl
08-30 15:48:24 com_github_MitjaNemec_Archive3DModels.archive_3d_models 34:Getting 3D models for footprint of: F2
08-30 15:48:24 com_github_MitjaNemec_Archive3DModels.archive_3d_models 45:Trying to copy: ${KICAD6_3DMODEL_DIR}/Fuse.3dshapes/Fuse_1206_3216Metric.wrl
08-30 15:48:24 com_github_MitjaNemec_Archive3DModels.archive_3d_models 105:Remapping: ${KICAD6_3DMODEL_DIR}/Fuse.3dshapes/Fuse_1206_3216Metric.wrl
08-30 15:48:24 com_github_MitjaNemec_Archive3DModels.archive_3d_models 34:Getting 3D models for footprint of: U3
08-30 15:48:24 com_github_MitjaNemec_Archive3DModels.archive_3d_models 45:Trying to copy: ${KICAD6_3DMODEL_DIR}/Package_TO_SOT_SMD.3dshapes/SOT-23-5.wrl
08-30 15:48:24 com_github_MitjaNemec_Archive3DModels.archive_3d_models 105:Remapping: ${KICAD6_3DMODEL_DIR}/Package_TO_SOT_SMD.3dshapes/SOT-23-5.wrl
08-30 15:48:24 com_github_MitjaNemec_Archive3DModels.archive_3d_models 34:Getting 3D models for footprint of: D7
08-30 15:48:24 com_github_MitjaNemec_Archive3DModels.archive_3d_models 45:Trying to copy: ${KICAD6_3DMODEL_DIR}/Diode_SMD.3dshapes/D_SMB.wrl
08-30 15:48:24 com_github_MitjaNemec_Archive3DModels.archive_3d_models 105:Remapping: ${KICAD6_3DMODEL_DIR}/Diode_SMD.3dshapes/D_SMB.wrl
08-30 15:48:24 com_github_MitjaNemec_Archive3DModels.archive_3d_models 34:Getting 3D models for footprint of: FB2
08-30 15:48:24 com_github_MitjaNemec_Archive3DModels.archive_3d_models 45:Trying to copy: ${KICAD6_3DMODEL_DIR}/Inductor_SMD.3dshapes/L_1206_3216Metric.wrl
08-30 15:48:24 com_github_MitjaNemec_Archive3DModels.archive_3d_models 105:Remapping: ${KICAD6_3DMODEL_DIR}/Inductor_SMD.3dshapes/L_1206_3216Metric.wrl
08-30 15:48:24 com_github_MitjaNemec_Archive3DModels.archive_3d_models 34:Getting 3D models for footprint of: C3
08-30 15:48:24 com_github_MitjaNemec_Archive3DModels.archive_3d_models 45:Trying to copy: ${KICAD6_3DMODEL_DIR}/Capacitor_SMD.3dshapes/C_1206_3216Metric.wrl
08-30 15:48:24 com_github_MitjaNemec_Archive3DModels.archive_3d_models 105:Remapping: ${KICAD6_3DMODEL_DIR}/Capacitor_SMD.3dshapes/C_1206_3216Metric.wrl
08-30 15:48:24 com_github_MitjaNemec_Archive3DModels.archive_3d_models 34:Getting 3D models for footprint of: C4
08-30 15:48:24 com_github_MitjaNemec_Archive3DModels.archive_3d_models 45:Trying to copy: ${KICAD6_3DMODEL_DIR}/Capacitor_SMD.3dshapes/C_0603_1608Metric.wrl
08-30 15:48:24 com_github_MitjaNemec_Archive3DModels.archive_3d_models 105:Remapping: ${KICAD6_3DMODEL_DIR}/Capacitor_SMD.3dshapes/C_0603_1608Metric.wrl
08-30 15:48:24 com_github_MitjaNemec_Archive3DModels.archive_3d_models 34:Getting 3D models for footprint of: C20
08-30 15:48:24 com_github_MitjaNemec_Archive3DModels.archive_3d_models 45:Trying to copy: ${KICAD6_3DMODEL_DIR}/Capacitor_THT.3dshapes/C_Rect_L18.0mm_W6.0mm_P15.00mm_FKS3_FKP3.wrl
08-30 15:48:24 com_github_MitjaNemec_Archive3DModels.archive_3d_models 105:Remapping: ${KICAD6_3DMODEL_DIR}/Capacitor_THT.3dshapes/C_Rect_L18.0mm_W6.0mm_P15.00mm_FKS3_FKP3.wrl
08-30 15:48:24 com_github_MitjaNemec_Archive3DModels.archive_3d_models 34:Getting 3D models for footprint of: J7
08-30 15:48:24 com_github_MitjaNemec_Archive3DModels.archive_3d_models 45:Trying to copy: ${KICAD6_3DMODEL_DIR}/Connector_PinSocket_2.54mm.3dshapes/PinSocket_1x01_P2.54mm_Vertical.wrl
08-30 15:48:24 com_github_MitjaNemec_Archive3DModels.archive_3d_models 105:Remapping: ${KICAD6_3DMODEL_DIR}/Connector_PinSocket_2.54mm.3dshapes/PinSocket_1x01_P2.54mm_Vertical.wrl
08-30 15:48:24 com_github_MitjaNemec_Archive3DModels.archive_3d_models 34:Getting 3D models for footprint of: JP2
08-30 15:48:24 com_github_MitjaNemec_Archive3DModels.archive_3d_models 34:Getting 3D models for footprint of: REF**
08-30 15:48:24 com_github_MitjaNemec_Archive3DModels.archive_3d_models 34:Getting 3D models for footprint of: J4
08-30 15:48:24 com_github_MitjaNemec_Archive3DModels.archive_3d_models 45:Trying to copy: ${KICAD6_3DMODEL_DIR}/TerminalBlock_Phoenix.3dshapes/TerminalBlock_Phoenix_MKDS-1,5-2-5.08_1x02_P5.08mm_Horizontal.wrl
08-30 15:48:24 com_github_MitjaNemec_Archive3DModels.archive_3d_models 105:Remapping: ${KICAD6_3DMODEL_DIR}/TerminalBlock_Phoenix.3dshapes/TerminalBlock_Phoenix_MKDS-1,5-2-5.08_1x02_P5.08mm_Horizontal.wrl
08-30 15:48:24 com_github_MitjaNemec_Archive3DModels.archive_3d_models 34:Getting 3D models for footprint of: RN2
08-30 15:48:24 com_github_MitjaNemec_Archive3DModels.archive_3d_models 45:Trying to copy: ${KICAD6_3DMODEL_DIR}/Resistor_SMD.3dshapes/R_Array_Convex_4x0603.wrl
08-30 15:48:24 com_github_MitjaNemec_Archive3DModels.archive_3d_models 105:Remapping: ${KICAD6_3DMODEL_DIR}/Resistor_SMD.3dshapes/R_Array_Convex_4x0603.wrl
08-30 15:48:24 com_github_MitjaNemec_Archive3DModels.archive_3d_models 34:Getting 3D models for footprint of: C19
08-30 15:48:24 com_github_MitjaNemec_Archive3DModels.archive_3d_models 45:Trying to copy: ${KICAD6_3DMODEL_DIR}/Capacitor_THT.3dshapes/C_Rect_L18.0mm_W6.0mm_P15.00mm_FKS3_FKP3.wrl
08-30 15:48:24 com_github_MitjaNemec_Archive3DModels.archive_3d_models 105:Remapping: ${KICAD6_3DMODEL_DIR}/Capacitor_THT.3dshapes/C_Rect_L18.0mm_W6.0mm_P15.00mm_FKS3_FKP3.wrl
08-30 15:48:24 com_github_MitjaNemec_Archive3DModels.archive_3d_models 34:Getting 3D models for footprint of: PS1
08-30 15:48:24 com_github_MitjaNemec_Archive3DModels.archive_3d_models 45:Trying to copy: C:/Users/JZACTXPS/Documents/KiCad/6.0/3dmodels/personal/LD05-23B03R2.STEP
08-30 15:48:24 com_github_MitjaNemec_Archive3DModels.archive_3d_models 105:Remapping: C:/Users/JZACTXPS/Documents/KiCad/6.0/3dmodels/personal/LD05-23B03R2.STEP
08-30 15:48:24 com_github_MitjaNemec_Archive3DModels.archive_3d_models 34:Getting 3D models for footprint of: PS2
08-30 15:48:24 com_github_MitjaNemec_Archive3DModels.archive_3d_models 45:Trying to copy: C:/Users/JZACTXPS/Documents/KiCad/6.0/3dmodels/personal/LD05-23B05R2.STEP
08-30 15:48:24 com_github_MitjaNemec_Archive3DModels.archive_3d_models 105:Remapping: C:/Users/JZACTXPS/Documents/KiCad/6.0/3dmodels/personal/LD05-23B05R2.STEP
08-30 15:48:24 com_github_MitjaNemec_Archive3DModels.archive_3d_models 34:Getting 3D models for footprint of: R9
08-30 15:48:24 com_github_MitjaNemec_Archive3DModels.archive_3d_models 45:Trying to copy: ${KICAD6_3DMODEL_DIR}/Resistor_SMD.3dshapes/R_0805_2012Metric.wrl
08-30 15:48:24 com_github_MitjaNemec_Archive3DModels.archive_3d_models 105:Remapping: ${KICAD6_3DMODEL_DIR}/Resistor_SMD.3dshapes/R_0805_2012Metric.wrl
08-30 15:48:24 com_github_MitjaNemec_Archive3DModels.archive_3d_models 34:Getting 3D models for footprint of: F1
08-30 15:48:24 com_github_MitjaNemec_Archive3DModels.archive_3d_models 45:Trying to copy: ${KICAD6_3DMODEL_DIR}/Fuse.3dshapes/Fuse_0805_2012Metric.wrl
08-30 15:48:24 com_github_MitjaNemec_Archive3DModels.archive_3d_models 105:Remapping: ${KICAD6_3DMODEL_DIR}/Fuse.3dshapes/Fuse_0805_2012Metric.wrl
08-30 15:48:24 com_github_MitjaNemec_Archive3DModels.archive_3d_models 34:Getting 3D models for footprint of: GD1
08-30 15:48:24 com_github_MitjaNemec_Archive3DModels.archive_3d_models 45:Trying to copy: C:/Users/JZACTXPS/Documents/KiCad/6.0/3dmodels/personal/2035-xx-b5.stp
08-30 15:48:24 com_github_MitjaNemec_Archive3DModels.archive_3d_models 105:Remapping: C:/Users/JZACTXPS/Documents/KiCad/6.0/3dmodels/personal/2035-xx-b5.stp
08-30 15:48:24 com_github_MitjaNemec_Archive3DModels.archive_3d_models 34:Getting 3D models for footprint of: R10
08-30 15:48:24 com_github_MitjaNemec_Archive3DModels.archive_3d_models 45:Trying to copy: ${KICAD6_3DMODEL_DIR}/Resistor_THT.3dshapes/R_Axial_DIN0207_L6.3mm_D2.5mm_P10.16mm_Horizontal.wrl
08-30 15:48:24 com_github_MitjaNemec_Archive3DModels.archive_3d_models 105:Remapping: ${KICAD6_3DMODEL_DIR}/Resistor_THT.3dshapes/R_Axial_DIN0207_L6.3mm_D2.5mm_P10.16mm_Horizontal.wrl
08-30 15:48:24 com_github_MitjaNemec_Archive3DModels.archive_3d_models 34:Getting 3D models for footprint of: R6
08-30 15:48:24 com_github_MitjaNemec_Archive3DModels.archive_3d_models 45:Trying to copy: ${KICAD6_3DMODEL_DIR}/Resistor_SMD.3dshapes/R_0805_2012Metric.wrl
08-30 15:48:24 com_github_MitjaNemec_Archive3DModels.archive_3d_models 105:Remapping: ${KICAD6_3DMODEL_DIR}/Resistor_SMD.3dshapes/R_0805_2012Metric.wrl
08-30 15:48:24 com_github_MitjaNemec_Archive3DModels.archive_3d_models 34:Getting 3D models for footprint of: C1
08-30 15:48:24 com_github_MitjaNemec_Archive3DModels.archive_3d_models 45:Trying to copy: ${KICAD6_3DMODEL_DIR}/Capacitor_SMD.3dshapes/C_1206_3216Metric.wrl
08-30 15:48:24 com_github_MitjaNemec_Archive3DModels.archive_3d_models 105:Remapping: ${KICAD6_3DMODEL_DIR}/Capacitor_SMD.3dshapes/C_1206_3216Metric.wrl
08-30 15:48:24 com_github_MitjaNemec_Archive3DModels.archive_3d_models 34:Getting 3D models for footprint of: R3
08-30 15:48:24 com_github_MitjaNemec_Archive3DModels.archive_3d_models 45:Trying to copy: ${KICAD6_3DMODEL_DIR}/Resistor_SMD.3dshapes/R_0805_2012Metric.wrl
08-30 15:48:24 com_github_MitjaNemec_Archive3DModels.archive_3d_models 105:Remapping: ${KICAD6_3DMODEL_DIR}/Resistor_SMD.3dshapes/R_0805_2012Metric.wrl
08-30 15:48:24 com_github_MitjaNemec_Archive3DModels.archive_3d_models 34:Getting 3D models for footprint of: RShunt2
08-30 15:48:24 com_github_MitjaNemec_Archive3DModels.archive_3d_models 45:Trying to copy: ${KICAD6_3DMODEL_DIR}/Resistor_SMD.3dshapes/R_0805_2012Metric.wrl
08-30 15:48:24 com_github_MitjaNemec_Archive3DModels.archive_3d_models 105:Remapping: ${KICAD6_3DMODEL_DIR}/Resistor_SMD.3dshapes/R_0805_2012Metric.wrl
08-30 15:48:24 com_github_MitjaNemec_Archive3DModels.archive_3d_models 34:Getting 3D models for footprint of: C11
08-30 15:48:24 com_github_MitjaNemec_Archive3DModels.archive_3d_models 45:Trying to copy: ${KICAD6_3DMODEL_DIR}/Capacitor_SMD.3dshapes/C_0805_2012Metric.wrl
08-30 15:48:24 com_github_MitjaNemec_Archive3DModels.archive_3d_models 105:Remapping: ${KICAD6_3DMODEL_DIR}/Capacitor_SMD.3dshapes/C_0805_2012Metric.wrl
08-30 15:48:24 com_github_MitjaNemec_Archive3DModels.archive_3d_models 34:Getting 3D models for footprint of: L1
08-30 15:48:24 com_github_MitjaNemec_Archive3DModels.archive_3d_models 45:Trying to copy: C:/Users/JZACTXPS/Documents/KiCad/6.0/3dmodels/personal/AIUR-06-122K--3DModel-STEP-400430.STEP
08-30 15:48:24 com_github_MitjaNemec_Archive3DModels.archive_3d_models 105:Remapping: C:/Users/JZACTXPS/Documents/KiCad/6.0/3dmodels/personal/AIUR-06-122K--3DModel-STEP-400430.STEP
08-30 15:48:24 com_github_MitjaNemec_Archive3DModels.archive_3d_models 34:Getting 3D models for footprint of: U2
08-30 15:48:24 com_github_MitjaNemec_Archive3DModels.archive_3d_models 45:Trying to copy: ${KICAD6_3DMODEL_DIR}/Package_SO.3dshapes/SOIC-20W_7.5x12.8mm_P1.27mm.wrl
08-30 15:48:24 com_github_MitjaNemec_Archive3DModels.archive_3d_models 105:Remapping: ${KICAD6_3DMODEL_DIR}/Package_SO.3dshapes/SOIC-20W_7.5x12.8mm_P1.27mm.wrl
08-30 15:48:24 com_github_MitjaNemec_Archive3DModels.archive_3d_models 34:Getting 3D models for footprint of: C14
08-30 15:48:24 com_github_MitjaNemec_Archive3DModels.archive_3d_models 45:Trying to copy: ${KICAD6_3DMODEL_DIR}/Capacitor_SMD.3dshapes/C_1206_3216Metric.wrl
08-30 15:48:24 com_github_MitjaNemec_Archive3DModels.archive_3d_models 105:Remapping: ${KICAD6_3DMODEL_DIR}/Capacitor_SMD.3dshapes/C_1206_3216Metric.wrl
08-30 15:48:24 com_github_MitjaNemec_Archive3DModels.archive_3d_models 34:Getting 3D models for footprint of: C5
08-30 15:48:24 com_github_MitjaNemec_Archive3DModels.archive_3d_models 45:Trying to copy: C:/Users/JZACTXPS/Documents/KiCad/6.0/3dmodels/personal/C320C105K5R5TA.step
08-30 15:48:25 com_github_MitjaNemec_Archive3DModels.archive_3d_models 105:Remapping: C:/Users/JZACTXPS/Documents/KiCad/6.0/3dmodels/personal/C320C105K5R5TA.step
08-30 15:48:25 com_github_MitjaNemec_Archive3DModels.archive_3d_models 34:Getting 3D models for footprint of: D8
08-30 15:48:25 com_github_MitjaNemec_Archive3DModels.archive_3d_models 45:Trying to copy: ${KICAD6_3DMODEL_DIR}/LED_SMD.3dshapes/LED_0805_2012Metric.wrl
08-30 15:48:25 com_github_MitjaNemec_Archive3DModels.archive_3d_models 105:Remapping: ${KICAD6_3DMODEL_DIR}/LED_SMD.3dshapes/LED_0805_2012Metric.wrl
08-30 15:48:25 com_github_MitjaNemec_Archive3DModels.archive_3d_models 34:Getting 3D models for footprint of: C12
08-30 15:48:25 com_github_MitjaNemec_Archive3DModels.archive_3d_models 45:Trying to copy: ${KICAD6_3DMODEL_DIR}/Capacitor_SMD.3dshapes/C_1206_3216Metric.wrl
08-30 15:48:25 com_github_MitjaNemec_Archive3DModels.archive_3d_models 105:Remapping: ${KICAD6_3DMODEL_DIR}/Capacitor_SMD.3dshapes/C_1206_3216Metric.wrl
08-30 15:48:25 com_github_MitjaNemec_Archive3DModels.archive_3d_models 34:Getting 3D models for footprint of: C6
08-30 15:48:25 com_github_MitjaNemec_Archive3DModels.archive_3d_models 45:Trying to copy: C:/Users/JZACTXPS/Documents/KiCad/6.0/3dmodels/personal/C320C105K5R5TA.step
08-30 15:48:25 com_github_MitjaNemec_Archive3DModels.archive_3d_models 105:Remapping: C:/Users/JZACTXPS/Documents/KiCad/6.0/3dmodels/personal/C320C105K5R5TA.step
08-30 15:48:25 com_github_MitjaNemec_Archive3DModels.archive_3d_models 34:Getting 3D models for footprint of: C10
08-30 15:48:25 com_github_MitjaNemec_Archive3DModels.archive_3d_models 45:Trying to copy: ${KICAD6_3DMODEL_DIR}/Capacitor_SMD.3dshapes/C_0805_2012Metric.wrl
08-30 15:48:25 com_github_MitjaNemec_Archive3DModels.archive_3d_models 105:Remapping: ${KICAD6_3DMODEL_DIR}/Capacitor_SMD.3dshapes/C_0805_2012Metric.wrl
08-30 15:48:25 com_github_MitjaNemec_Archive3DModels.archive_3d_models 34:Getting 3D models for footprint of: C13
08-30 15:48:25 com_github_MitjaNemec_Archive3DModels.archive_3d_models 45:Trying to copy: ${KICAD6_3DMODEL_DIR}/Capacitor_SMD.3dshapes/C_0805_2012Metric.wrl
08-30 15:48:25 com_github_MitjaNemec_Archive3DModels.archive_3d_models 105:Remapping: ${KICAD6_3DMODEL_DIR}/Capacitor_SMD.3dshapes/C_0805_2012Metric.wrl
08-30 15:48:25 com_github_MitjaNemec_Archive3DModels.archive_3d_models 34:Getting 3D models for footprint of: J1
08-30 15:48:25 com_github_MitjaNemec_Archive3DModels.archive_3d_models 45:Trying to copy: ${KICAD6_3DMODEL_DIR}/TerminalBlock_Phoenix.3dshapes/TerminalBlock_Phoenix_MKDS-1,5-3-5.08_1x03_P5.08mm_Horizontal.wrl
08-30 15:48:25 com_github_MitjaNemec_Archive3DModels.archive_3d_models 105:Remapping: ${KICAD6_3DMODEL_DIR}/TerminalBlock_Phoenix.3dshapes/TerminalBlock_Phoenix_MKDS-1,5-3-5.08_1x03_P5.08mm_Horizontal.wrl
08-30 15:48:25 com_github_MitjaNemec_Archive3DModels.archive_3d_models 34:Getting 3D models for footprint of: C17
08-30 15:48:25 com_github_MitjaNemec_Archive3DModels.archive_3d_models 45:Trying to copy: ${KICAD6_3DMODEL_DIR}/Capacitor_SMD.3dshapes/C_0805_2012Metric.wrl
08-30 15:48:25 com_github_MitjaNemec_Archive3DModels.archive_3d_models 105:Remapping: ${KICAD6_3DMODEL_DIR}/Capacitor_SMD.3dshapes/C_0805_2012Metric.wrl
08-30 15:48:25 com_github_MitjaNemec_Archive3DModels.archive_3d_models 34:Getting 3D models for footprint of: J6
08-30 15:48:25 com_github_MitjaNemec_Archive3DModels.archive_3d_models 45:Trying to copy: ${KICAD6_3DMODEL_DIR}/Connector_PinHeader_2.54mm.3dshapes/PinHeader_2x03_P2.54mm_Vertical.wrl
08-30 15:48:25 com_github_MitjaNemec_Archive3DModels.archive_3d_models 105:Remapping: ${KICAD6_3DMODEL_DIR}/Connector_PinHeader_2.54mm.3dshapes/PinHeader_2x03_P2.54mm_Vertical.wrl
08-30 15:48:25 com_github_MitjaNemec_Archive3DModels.archive_3d_models 34:Getting 3D models for footprint of: C21
08-30 15:48:25 com_github_MitjaNemec_Archive3DModels.archive_3d_models 45:Trying to copy: ${KICAD6_3DMODEL_DIR}/Capacitor_THT.3dshapes/C_Radial_D6.3mm_H11.0mm_P2.50mm.wrl
08-30 15:48:25 com_github_MitjaNemec_Archive3DModels.archive_3d_models 105:Remapping: ${KICAD6_3DMODEL_DIR}/Capacitor_THT.3dshapes/C_Radial_D6.3mm_H11.0mm_P2.50mm.wrl
08-30 15:48:25 com_github_MitjaNemec_Archive3DModels.archive_3d_models 34:Getting 3D models for footprint of: C15
08-30 15:48:25 com_github_MitjaNemec_Archive3DModels.archive_3d_models 45:Trying to copy: ${KICAD6_3DMODEL_DIR}/Capacitor_SMD.3dshapes/C_0805_2012Metric.wrl
08-30 15:48:25 com_github_MitjaNemec_Archive3DModels.archive_3d_models 105:Remapping: ${KICAD6_3DMODEL_DIR}/Capacitor_SMD.3dshapes/C_0805_2012Metric.wrl
08-30 15:48:25 com_github_MitjaNemec_Archive3DModels.archive_3d_models 116:Did not succeed to copy 3D models!
('J2', 'C:\\Users\\JZACTPC\\Documents\\digitalclock\\3dmodels\\61201021621--3DModel-STEP-56544.stp')
('FL1', '${KICAD6_3DMODEL_DIR}\\Inductor_THT.3dshapes\\Choke_Schaffner_RN218-04-12.5x18.0mm.wrl')
