08-30 15:58:12 com_github_MitjaNemec_Archive3DModels.action_archive_3d_models 210:Plugin executed on: 'win32'
08-30 15:58:12 com_github_MitjaNemec_Archive3DModels.action_archive_3d_models 211:Plugin executed with python version: '3.9.6 (default, Sep 27 2021, 21:15:11) [MSC v.1929 64 bit (AMD64)]'
08-30 15:58:12 com_github_MitjaNemec_Archive3DModels.action_archive_3d_models 212:KiCad build version: (6.0.1)
08-30 15:58:12 com_github_MitjaNemec_Archive3DModels.action_archive_3d_models 213:Plugin version: 1.0.3

08-30 15:58:14 com_github_MitjaNemec_Archive3DModels.archive_3d_models 13:Starting to archive 3D models
08-30 15:58:14 com_github_MitjaNemec_Archive3DModels.archive_3d_models 34:Getting 3D models for footprint of: R_ISET2
08-30 15:58:14 com_github_MitjaNemec_Archive3DModels.archive_3d_models 45:Trying to copy: ${KICAD6_3DMODEL_DIR}/Resistor_SMD.3dshapes/R_0603_1608Metric.wrl
08-30 15:58:14 com_github_MitjaNemec_Archive3DModels.archive_3d_models 105:Remapping: ${KICAD6_3DMODEL_DIR}/Resistor_SMD.3dshapes/R_0603_1608Metric.wrl
08-30 15:58:14 com_github_MitjaNemec_Archive3DModels.archive_3d_models 34:Getting 3D models for footprint of: M3
08-30 15:58:14 com_github_MitjaNemec_Archive3DModels.archive_3d_models 45:Trying to copy: C:/Users/JZACTXPS/Documents/KiCad/6.0/3dmodels/personal/front_face_plate v18.step
08-30 15:58:14 com_github_MitjaNemec_Archive3DModels.archive_3d_models 105:Remapping: C:/Users/JZACTXPS/Documents/KiCad/6.0/3dmodels/personal/front_face_plate v18.step
08-30 15:58:14 com_github_MitjaNemec_Archive3DModels.archive_3d_models 34:Getting 3D models for footprint of: R_ISET1
08-30 15:58:14 com_github_MitjaNemec_Archive3DModels.archive_3d_models 45:Trying to copy: ${KICAD6_3DMODEL_DIR}/Resistor_SMD.3dshapes/R_0603_1608Metric.wrl
08-30 15:58:14 com_github_MitjaNemec_Archive3DModels.archive_3d_models 105:Remapping: ${KICAD6_3DMODEL_DIR}/Resistor_SMD.3dshapes/R_0603_1608Metric.wrl
08-30 15:58:14 com_github_MitjaNemec_Archive3DModels.archive_3d_models 34:Getting 3D models for footprint of: U5
08-30 15:58:14 com_github_MitjaNemec_Archive3DModels.archive_3d_models 45:Trying to copy: C:/Users/JZACTXPS/Documents/KiCad/6.0/3dmodels/personal/MAN74A v2.step
08-30 15:58:14 com_github_MitjaNemec_Archive3DModels.archive_3d_models 105:Remapping: C:/Users/JZACTXPS/Documents/KiCad/6.0/3dmodels/personal/MAN74A v2.step
08-30 15:58:14 com_github_MitjaNemec_Archive3DModels.archive_3d_models 34:Getting 3D models for footprint of: M1
08-30 15:58:14 com_github_MitjaNemec_Archive3DModels.archive_3d_models 34:Getting 3D models for footprint of: R3
08-30 15:58:14 com_github_MitjaNemec_Archive3DModels.archive_3d_models 45:Trying to copy: ${KICAD6_3DMODEL_DIR}/Resistor_SMD.3dshapes/R_0603_1608Metric.wrl
08-30 15:58:14 com_github_MitjaNemec_Archive3DModels.archive_3d_models 105:Remapping: ${KICAD6_3DMODEL_DIR}/Resistor_SMD.3dshapes/R_0603_1608Metric.wrl
08-30 15:58:14 com_github_MitjaNemec_Archive3DModels.archive_3d_models 34:Getting 3D models for footprint of: R2
08-30 15:58:14 com_github_MitjaNemec_Archive3DModels.archive_3d_models 45:Trying to copy: ${KICAD6_3DMODEL_DIR}/Resistor_SMD.3dshapes/R_0603_1608Metric.wrl
08-30 15:58:14 com_github_MitjaNemec_Archive3DModels.archive_3d_models 105:Remapping: ${KICAD6_3DMODEL_DIR}/Resistor_SMD.3dshapes/R_0603_1608Metric.wrl
08-30 15:58:14 com_github_MitjaNemec_Archive3DModels.archive_3d_models 34:Getting 3D models for footprint of: U4
08-30 15:58:14 com_github_MitjaNemec_Archive3DModels.archive_3d_models 45:Trying to copy: C:/Users/JZACTXPS/Documents/KiCad/6.0/3dmodels/personal/MAN74A v2.step
08-30 15:58:14 com_github_MitjaNemec_Archive3DModels.archive_3d_models 105:Remapping: C:/Users/JZACTXPS/Documents/KiCad/6.0/3dmodels/personal/MAN74A v2.step
08-30 15:58:14 com_github_MitjaNemec_Archive3DModels.archive_3d_models 34:Getting 3D models for footprint of: R1
08-30 15:58:14 com_github_MitjaNemec_Archive3DModels.archive_3d_models 45:Trying to copy: ${KICAD6_3DMODEL_DIR}/Resistor_SMD.3dshapes/R_0603_1608Metric.wrl
08-30 15:58:14 com_github_MitjaNemec_Archive3DModels.archive_3d_models 105:Remapping: ${KICAD6_3DMODEL_DIR}/Resistor_SMD.3dshapes/R_0603_1608Metric.wrl
08-30 15:58:14 com_github_MitjaNemec_Archive3DModels.archive_3d_models 34:Getting 3D models for footprint of: U6
08-30 15:58:14 com_github_MitjaNemec_Archive3DModels.archive_3d_models 45:Trying to copy: C:/Users/JZACTXPS/Documents/KiCad/6.0/3dmodels/personal/MAN74A v2.step
08-30 15:58:14 com_github_MitjaNemec_Archive3DModels.archive_3d_models 105:Remapping: C:/Users/JZACTXPS/Documents/KiCad/6.0/3dmodels/personal/MAN74A v2.step
08-30 15:58:14 com_github_MitjaNemec_Archive3DModels.archive_3d_models 34:Getting 3D models for footprint of: M4
08-30 15:58:14 com_github_MitjaNemec_Archive3DModels.archive_3d_models 34:Getting 3D models for footprint of: U2
08-30 15:58:14 com_github_MitjaNemec_Archive3DModels.archive_3d_models 45:Trying to copy: C:/Users/JZACTXPS/Documents/KiCad/6.0/3dmodels/personal/MAN74A v2.step
08-30 15:58:14 com_github_MitjaNemec_Archive3DModels.archive_3d_models 105:Remapping: C:/Users/JZACTXPS/Documents/KiCad/6.0/3dmodels/personal/MAN74A v2.step
08-30 15:58:14 com_github_MitjaNemec_Archive3DModels.archive_3d_models 34:Getting 3D models for footprint of: U1
08-30 15:58:14 com_github_MitjaNemec_Archive3DModels.archive_3d_models 45:Trying to copy: C:/Users/JZACTXPS/Documents/KiCad/6.0/3dmodels/personal/MAN74A v2.step
08-30 15:58:14 com_github_MitjaNemec_Archive3DModels.archive_3d_models 105:Remapping: C:/Users/JZACTXPS/Documents/KiCad/6.0/3dmodels/personal/MAN74A v2.step
08-30 15:58:14 com_github_MitjaNemec_Archive3DModels.archive_3d_models 34:Getting 3D models for footprint of: U3
08-30 15:58:14 com_github_MitjaNemec_Archive3DModels.archive_3d_models 45:Trying to copy: ${KICAD6_3DMODEL_DIR}/Package_SO.3dshapes/QSOP-24_3.9x8.7mm_P0.635mm.wrl
08-30 15:58:14 com_github_MitjaNemec_Archive3DModels.archive_3d_models 105:Remapping: ${KICAD6_3DMODEL_DIR}/Package_SO.3dshapes/QSOP-24_3.9x8.7mm_P0.635mm.wrl
08-30 15:58:14 com_github_MitjaNemec_Archive3DModels.archive_3d_models 34:Getting 3D models for footprint of: C1
08-30 15:58:14 com_github_MitjaNemec_Archive3DModels.archive_3d_models 45:Trying to copy: ${KICAD6_3DMODEL_DIR}/Capacitor_SMD.3dshapes/C_0603_1608Metric.wrl
08-30 15:58:14 com_github_MitjaNemec_Archive3DModels.archive_3d_models 105:Remapping: ${KICAD6_3DMODEL_DIR}/Capacitor_SMD.3dshapes/C_0603_1608Metric.wrl
08-30 15:58:14 com_github_MitjaNemec_Archive3DModels.archive_3d_models 34:Getting 3D models for footprint of: C4
08-30 15:58:14 com_github_MitjaNemec_Archive3DModels.archive_3d_models 45:Trying to copy: ${KICAD6_3DMODEL_DIR}/Capacitor_THT.3dshapes/C_Radial_D4.0mm_H5.0mm_P1.50mm.wrl
08-30 15:58:14 com_github_MitjaNemec_Archive3DModels.archive_3d_models 105:Remapping: ${KICAD6_3DMODEL_DIR}/Capacitor_THT.3dshapes/C_Radial_D4.0mm_H5.0mm_P1.50mm.wrl
08-30 15:58:14 com_github_MitjaNemec_Archive3DModels.archive_3d_models 34:Getting 3D models for footprint of: JP1
08-30 15:58:14 com_github_MitjaNemec_Archive3DModels.archive_3d_models 34:Getting 3D models for footprint of: J2
08-30 15:58:14 com_github_MitjaNemec_Archive3DModels.archive_3d_models 45:Trying to copy: ${KICAD6_3DMODEL_DIR}/Connector_PinHeader_2.54mm.3dshapes/PinHeader_1x02_P2.54mm_Vertical.wrl
08-30 15:58:14 com_github_MitjaNemec_Archive3DModels.archive_3d_models 105:Remapping: ${KICAD6_3DMODEL_DIR}/Connector_PinHeader_2.54mm.3dshapes/PinHeader_1x02_P2.54mm_Vertical.wrl
08-30 15:58:14 com_github_MitjaNemec_Archive3DModels.archive_3d_models 34:Getting 3D models for footprint of: R_TRIM1
08-30 15:58:14 com_github_MitjaNemec_Archive3DModels.archive_3d_models 45:Trying to copy: ${KICAD6_3DMODEL_DIR}/Potentiometer_THT.3dshapes/Potentiometer_Bourns_3386P_Vertical.wrl
08-30 15:58:14 com_github_MitjaNemec_Archive3DModels.archive_3d_models 101:Did not copy: ${KICAD6_3DMODEL_DIR}/Potentiometer_THT.3dshapes/Potentiometer_Bourns_3386P_Vertical.wrl
08-30 15:58:14 com_github_MitjaNemec_Archive3DModels.archive_3d_models 105:Remapping: ${KICAD6_3DMODEL_DIR}/Potentiometer_THT.3dshapes/Potentiometer_Bourns_3386P_Vertical.wrl
08-30 15:58:14 com_github_MitjaNemec_Archive3DModels.archive_3d_models 34:Getting 3D models for footprint of: J1
08-30 15:58:14 com_github_MitjaNemec_Archive3DModels.archive_3d_models 45:Trying to copy: C:/Users/JZACTPC/Documents/digitalclock/3dmodels/61201021621--3DModel-STEP-56544.stp
08-30 15:58:14 com_github_MitjaNemec_Archive3DModels.archive_3d_models 69:Ambiguous path for the model: C:/Users/JZACTPC/Documents/digitalclock/3dmodels/61201021621--3DModel-STEP-56544.stp
08-30 15:58:14 com_github_MitjaNemec_Archive3DModels.archive_3d_models 79:Can not find model defined with: C:/Users/JZACTPC/Documents/digitalclock/3dmodels/61201021621--3DModel-STEP-56544.stp
08-30 15:58:14 com_github_MitjaNemec_Archive3DModels.archive_3d_models 101:Did not copy: C:/Users/JZACTPC/Documents/digitalclock/3dmodels/61201021621--3DModel-STEP-56544.stp
08-30 15:58:14 com_github_MitjaNemec_Archive3DModels.archive_3d_models 105:Remapping: C:/Users/JZACTPC/Documents/digitalclock/3dmodels/61201021621--3DModel-STEP-56544.stp
08-30 15:58:14 com_github_MitjaNemec_Archive3DModels.archive_3d_models 116:Did not succeed to copy 3D models!
('R_TRIM1', '${KICAD6_3DMODEL_DIR}\\Potentiometer_THT.3dshapes\\Potentiometer_Bourns_3386P_Vertical.wrl')
('J1', 'C:\\Users\\JZACTPC\\Documents\\digitalclock\\3dmodels\\61201021621--3DModel-STEP-56544.stp')
